<?xml version="1.0" encoding="UTF-8"?>
<coverage generated="1755299098828" clover="3.2.0">
  <project timestamp="1755299098828" name="All files">
    <metrics statements="79" coveredstatements="73" conditionals="14" coveredconditionals="12" methods="10" coveredmethods="9" elements="103" coveredelements="94" complexity="0" loc="79" ncloc="79" packages="3" files="5" classes="5"/>
    <package name="src">
      <metrics statements="44" coveredstatements="38" conditionals="4" coveredconditionals="2" methods="3" coveredmethods="2"/>
      <file name="FirstStepsApp.tsx" path="/Users/camucamu/Projects/fernando-herrera/fh-react-zero-to-expert/02-first-steps/src/FirstStepsApp.tsx">
        <metrics statements="14" coveredstatements="14" conditionals="1" coveredconditionals="1" methods="1" coveredmethods="1"/>
        <line num="1" count="1" type="stmt"/>
        <line num="8" count="1" type="stmt"/>
        <line num="9" count="1" type="stmt"/>
        <line num="10" count="1" type="stmt"/>
        <line num="11" count="1" type="stmt"/>
        <line num="12" count="1" type="stmt"/>
        <line num="13" count="1" type="stmt"/>
        <line num="15" count="1" type="cond" truecount="1" falsecount="0"/>
        <line num="16" count="3" type="stmt"/>
        <line num="17" count="3" type="stmt"/>
        <line num="18" count="3" type="stmt"/>
        <line num="20" count="3" type="stmt"/>
        <line num="21" count="3" type="stmt"/>
        <line num="26" count="3" type="stmt"/>
      </file>
      <file name="MyAwesomeApp.tsx" path="/Users/camucamu/Projects/fernando-herrera/fh-react-zero-to-expert/02-first-steps/src/MyAwesomeApp.tsx">
        <metrics statements="24" coveredstatements="24" conditionals="2" coveredconditionals="1" methods="1" coveredmethods="1"/>
        <line num="3" count="1" type="stmt"/>
        <line num="4" count="1" type="stmt"/>
        <line num="6" count="1" type="stmt"/>
        <line num="8" count="1" type="stmt"/>
        <line num="9" count="1" type="stmt"/>
        <line num="10" count="1" type="stmt"/>
        <line num="11" count="1" type="stmt"/>
        <line num="12" count="1" type="stmt"/>
        <line num="14" count="1" type="stmt"/>
        <line num="16" count="1" type="stmt"/>
        <line num="17" count="1" type="stmt"/>
        <line num="18" count="1" type="cond" truecount="0" falsecount="1"/>
        <line num="19" count="1" type="stmt"/>
        <line num="20" count="1" type="stmt"/>
        <line num="22" count="1" type="cond" truecount="1" falsecount="0"/>
        <line num="23" count="4" type="stmt"/>
        <line num="24" count="4" type="stmt"/>
        <line num="25" count="4" type="stmt"/>
        <line num="26" count="4" type="stmt"/>
        <line num="27" count="4" type="stmt"/>
        <line num="28" count="4" type="stmt"/>
        <line num="29" count="4" type="stmt"/>
        <line num="30" count="4" type="stmt"/>
        <line num="35" count="4" type="stmt"/>
      </file>
      <file name="main.tsx" path="/Users/camucamu/Projects/fernando-herrera/fh-react-zero-to-expert/02-first-steps/src/main.tsx">
        <metrics statements="6" coveredstatements="0" conditionals="1" coveredconditionals="0" methods="1" coveredmethods="0"/>
        <line num="1" count="0" type="cond" truecount="0" falsecount="1"/>
        <line num="2" count="0" type="stmt"/>
        <line num="3" count="0" type="stmt"/>
        <line num="6" count="0" type="stmt"/>
        <line num="7" count="0" type="stmt"/>
        <line num="8" count="0" type="stmt"/>
      </file>
    </package>
    <package name="src.helpers">
      <metrics statements="12" coveredstatements="12" conditionals="4" coveredconditionals="4" methods="4" coveredmethods="4"/>
      <file name="math.helpers.ts" path="/Users/camucamu/Projects/fernando-herrera/fh-react-zero-to-expert/02-first-steps/src/helpers/math.helpers.ts">
        <metrics statements="12" coveredstatements="12" conditionals="4" coveredconditionals="4" methods="4" coveredmethods="4"/>
        <line num="1" count="1" type="cond" truecount="1" falsecount="0"/>
        <line num="2" count="2" type="stmt"/>
        <line num="3" count="2" type="stmt"/>
        <line num="5" count="1" type="cond" truecount="1" falsecount="0"/>
        <line num="6" count="1" type="stmt"/>
        <line num="7" count="1" type="stmt"/>
        <line num="9" count="1" type="cond" truecount="1" falsecount="0"/>
        <line num="10" count="1" type="stmt"/>
        <line num="11" count="1" type="stmt"/>
        <line num="13" count="1" type="cond" truecount="1" falsecount="0"/>
        <line num="14" count="1" type="stmt"/>
        <line num="15" count="1" type="stmt"/>
      </file>
    </package>
    <package name="src.shopping-cart">
      <metrics statements="23" coveredstatements="23" conditionals="6" coveredconditionals="6" methods="3" coveredmethods="3"/>
      <file name="ItemCounter.tsx" path="/Users/camucamu/Projects/fernando-herrera/fh-react-zero-to-expert/02-first-steps/src/shopping-cart/ItemCounter.tsx">
        <metrics statements="23" coveredstatements="23" conditionals="6" coveredconditionals="6" methods="3" coveredmethods="3"/>
        <line num="1" count="1" type="stmt"/>
        <line num="2" count="1" type="stmt"/>
        <line num="9" count="1" type="cond" truecount="1" falsecount="0"/>
        <line num="11" count="8" type="stmt"/>
        <line num="13" count="8" type="cond" truecount="1" falsecount="0"/>
        <line num="14" count="1" type="stmt"/>
        <line num="15" count="1" type="stmt"/>
        <line num="17" count="8" type="cond" truecount="1" falsecount="0"/>
        <line num="18" count="2" type="cond" truecount="1" falsecount="0"/>
        <line num="19" count="1" type="stmt"/>
        <line num="20" count="1" type="stmt"/>
        <line num="22" count="8" type="stmt"/>
        <line num="23" count="8" type="stmt"/>
        <line num="24" count="8" type="stmt"/>
        <line num="25" count="8" type="stmt"/>
        <line num="26" count="8" type="stmt"/>
        <line num="27" count="8" type="cond" truecount="2" falsecount="0"/>
        <line num="28" count="8" type="stmt"/>
        <line num="29" count="8" type="stmt"/>
        <line num="30" count="8" type="stmt"/>
        <line num="31" count="8" type="stmt"/>
        <line num="32" count="8" type="stmt"/>
        <line num="35" count="8" type="stmt"/>
      </file>
    </package>
  </project>
</coverage>
